14:19:17: Creating resource group General
14:19:17: Creating resource group Internal
14:19:17: Creating resource group Autodetect
14:19:17: SceneManagerFactory for type 'DefaultSceneManager' registered.
14:19:17: Registering ResourceManager for type Material
14:19:17: Registering ResourceManager for type Mesh
14:19:17: Registering ResourceManager for type Skeleton
14:19:17: MovableObjectFactory for type 'ParticleSystem' registered.
14:19:17: OverlayElementFactory for type Panel registered.
14:19:17: OverlayElementFactory for type BorderPanel registered.
14:19:17: OverlayElementFactory for type TextArea registered.
14:19:17: Registering ResourceManager for type Font
14:19:17: ArchiveFactory for archive type FileSystem registered.
14:19:17: ArchiveFactory for archive type Zip registered.
14:19:17: DDS codec registering
14:19:17: FreeImage version: 3.13.1
14:19:17: This program uses FreeImage, a free, open source image library supporting all common bitmap formats. See http://freeimage.sourceforge.net for details
14:19:17: Supported formats: bmp,ico,jpg,jif,jpeg,jpe,jng,koa,iff,lbm,mng,pbm,pbm,pcd,pcx,pgm,pgm,png,ppm,ppm,ras,tga,targa,tif,tiff,wap,wbmp,wbm,psd,cut,xbm,xpm,gif,hdr,g3,sgi,exr,j2k,j2c,jp2,pfm,pct,pict,pic,bay,bmq,cr2,crw,cs1,dc2,dcr,dng,erf,fff,hdr,k25,kdc,mdc,mos,mrw,nef,orf,pef,pxn,raf,raw,rdc,sr2,srf,arw,3fr,cine,ia,kc2,mef,nrw,qtk,rw2,sti,drf,dsc,ptx,cap,iiq,rwz
14:19:17: PVRTC codec registering
14:19:17: Registering ResourceManager for type HighLevelGpuProgram
14:19:17: Registering ResourceManager for type Compositor
14:19:17: MovableObjectFactory for type 'Entity' registered.
14:19:17: MovableObjectFactory for type 'Light' registered.
14:19:17: MovableObjectFactory for type 'BillboardSet' registered.
14:19:17: MovableObjectFactory for type 'ManualObject' registered.
14:19:17: MovableObjectFactory for type 'BillboardChain' registered.
14:19:17: MovableObjectFactory for type 'RibbonTrail' registered.
14:19:17: Loading library .\RenderSystem_Direct3D9
14:19:17: Installing plugin: D3D9 RenderSystem
14:19:17: D3D9 : Direct3D9 Rendering Subsystem created.
14:19:17: D3D9: Driver Detection Starts
14:19:17: D3D9: Driver Detection Ends
14:19:17: Plugin successfully installed
14:19:17: Loading library .\RenderSystem_GL
14:19:17: Installing plugin: GL RenderSystem
14:19:17: OpenGL Rendering Subsystem created.
14:19:18: Plugin successfully installed
14:19:18: Loading library .\Plugin_OctreeSceneManager
14:19:18: Installing plugin: Octree & Terrain Scene Manager
14:19:18: Plugin successfully installed
14:19:18: *-*-* OGRE Initialising
14:19:18: *-*-* Version 1.7.1 (Cthugha)
14:19:18: D3D9 : RenderSystem Option: Allow NVPerfHUD = No
14:19:18: D3D9 : RenderSystem Option: FSAA = 0
14:19:18: D3D9 : RenderSystem Option: Floating-point mode = Fastest
14:19:18: D3D9 : RenderSystem Option: Full Screen = No
14:19:18: D3D9 : RenderSystem Option: Rendering Device = Monitor-1-NVIDIA Quadro K2000
14:19:18: D3D9 : RenderSystem Option: Resource Creation Policy = Create on all devices
14:19:18: D3D9 : RenderSystem Option: VSync = No
14:19:18: D3D9 : RenderSystem Option: VSync Interval = 1
14:19:18: D3D9 : RenderSystem Option: Video Mode = 800 x 600 @ 32-bit colour
14:19:18: D3D9 : RenderSystem Option: sRGB Gamma Conversion = No
14:19:18: CPU Identifier & Features
14:19:18: -------------------------
14:19:18:  *   CPU ID: GenuineIntel: Intel(R) Xeon(R) CPU E3-1240 v3 @ 3.40GHz
14:19:18:  *      SSE: yes
14:19:18:  *     SSE2: yes
14:19:18:  *     SSE3: yes
14:19:18:  *      MMX: yes
14:19:18:  *   MMXEXT: yes
14:19:18:  *    3DNOW: no
14:19:18:  * 3DNOWEXT: no
14:19:18:  *     CMOV: yes
14:19:18:  *      TSC: yes
14:19:18:  *      FPU: yes
14:19:18:  *      PRO: yes
14:19:18:  *       HT: no
14:19:18: -------------------------
14:19:18: D3D9 : Subsystem Initialising
14:19:18: Registering ResourceManager for type Texture
14:19:18: Registering ResourceManager for type GpuProgram
14:19:18: D3D9RenderSystem::_createRenderWindow "TutorialApplication Render Window", 800x600 windowed  miscParams: FSAA=0 FSAAHint= colourDepth=32 gamma=false monitorIndex=0 useNVPerfHUD=false vsync=false vsyncInterval=1 
14:19:18: D3D9 : Created D3D9 Rendering Window 'TutorialApplication Render Window' : 800x600, 32bpp
14:19:18: D3D9 : WARNING - disabling VSync in windowed mode can cause timing issues at lower frame rates, turn VSync on if you observe this problem.
14:19:18: D3D9: Vertex texture format supported - PF_A8R8G8B8
14:19:18: D3D9: Vertex texture format supported - PF_B8G8R8A8
14:19:18: D3D9: Vertex texture format supported - PF_FLOAT16_RGB
14:19:18: D3D9: Vertex texture format supported - PF_FLOAT16_RGBA
14:19:18: D3D9: Vertex texture format supported - PF_FLOAT32_RGB
14:19:18: D3D9: Vertex texture format supported - PF_FLOAT32_RGBA
14:19:18: D3D9: Vertex texture format supported - PF_R8G8B8A8
14:19:18: D3D9: Vertex texture format supported - PF_DEPTH
14:19:18: D3D9: Vertex texture format supported - PF_FLOAT16_R
14:19:18: D3D9: Vertex texture format supported - PF_FLOAT32_R
14:19:18: D3D9: Vertex texture format supported - PF_FLOAT16_GR
14:19:18: D3D9: Vertex texture format supported - PF_FLOAT32_GR
14:19:18: D3D9: Vertex texture format supported - PF_PVRTC_RGB2
14:19:18: D3D9: Vertex texture format supported - PF_PVRTC_RGBA2
14:19:18: D3D9: Vertex texture format supported - PF_PVRTC_RGB4
14:19:18: D3D9: Vertex texture format supported - PF_PVRTC_RGBA4
14:19:18: RenderSystem capabilities
14:19:18: -------------------------
14:19:18: RenderSystem Name: Direct3D9 Rendering Subsystem
14:19:18: GPU Vendor: nvidia
14:19:18: Device Name: Monitor-1-NVIDIA Quadro K2000
14:19:18: Driver Version: 9.18.13.2009
14:19:18:  * Fixed function pipeline: yes
14:19:18:  * Hardware generation of mipmaps: yes
14:19:18:  * Texture blending: yes
14:19:18:  * Anisotropic texture filtering: yes
14:19:18:  * Dot product texture operation: yes
14:19:18:  * Cube mapping: yes
14:19:18:  * Hardware stencil buffer: yes
14:19:18:    - Stencil depth: 8
14:19:18:    - Two sided stencil support: yes
14:19:18:    - Wrap stencil values: yes
14:19:18:  * Hardware vertex / index buffers: yes
14:19:18:  * Vertex programs: yes
14:19:18:  * Number of floating-point constants for vertex programs: 256
14:19:18:  * Number of integer constants for vertex programs: 16
14:19:18:  * Number of boolean constants for vertex programs: 16
14:19:18:  * Fragment programs: yes
14:19:18:  * Number of floating-point constants for fragment programs: 224
14:19:18:  * Number of integer constants for fragment programs: 16
14:19:18:  * Number of boolean constants for fragment programs: 16
14:19:18:  * Geometry programs: no
14:19:18:  * Number of floating-point constants for geometry programs: 0
14:19:18:  * Number of integer constants for geometry programs: 0
14:19:18:  * Number of boolean constants for geometry programs: 0
14:19:18:  * Supported Shader Profiles: hlsl ps_1_1 ps_1_2 ps_1_3 ps_1_4 ps_2_0 ps_2_a ps_2_b ps_2_x ps_3_0 vs_1_1 vs_2_0 vs_2_a vs_2_x vs_3_0
14:19:18:  * Texture Compression: yes
14:19:18:    - DXT: yes
14:19:18:    - VTC: no
14:19:18:    - PVRTC: no
14:19:18:  * Scissor Rectangle: yes
14:19:18:  * Hardware Occlusion Query: yes
14:19:18:  * User clip planes: yes
14:19:18:  * VET_UBYTE4 vertex element type: yes
14:19:18:  * Infinite far plane projection: yes
14:19:18:  * Hardware render-to-texture: yes
14:19:18:  * Floating point textures: yes
14:19:18:  * Non-power-of-two textures: yes
14:19:18:  * Volume textures: yes
14:19:18:  * Multiple Render Targets: 4
14:19:18:    - With different bit depths: yes
14:19:18:  * Point Sprites: yes
14:19:18:  * Extended point parameters: yes
14:19:18:  * Max Point Size: 10
14:19:18:  * Vertex texture fetch: yes
14:19:18:  * Number of world matrices: 0
14:19:18:  * Number of texture units: 8
14:19:18:  * Stencil buffer depth: 8
14:19:18:  * Number of vertex blend matrices: 0
14:19:18:    - Max vertex textures: 4
14:19:18:    - Vertex textures shared: no
14:19:18:  * Render to Vertex Buffer : no
14:19:18:  * DirectX per stage constants: yes
14:19:18: ***************************************
14:19:18: *** D3D9 : Subsystem Initialised OK ***
14:19:18: ***************************************
14:19:18: DefaultWorkQueue('Root') initialising on thread main.
14:19:18: Particle Renderer Type 'billboard' registered
14:19:18: SceneManagerFactory for type 'OctreeSceneManager' registered.
14:19:18: SceneManagerFactory for type 'TerrainSceneManager' registered.
14:19:18: Creating resource group Bootstrap
14:19:18: Added resource location '../../Media/packs/OgreCore.zip' of type 'Zip' to resource group 'Bootstrap'
14:19:18: Added resource location '../../Media' of type 'FileSystem' to resource group 'General'
14:19:18: Added resource location '../../Media/fonts' of type 'FileSystem' to resource group 'General'
14:19:18: Added resource location '../../Media/materials/programs' of type 'FileSystem' to resource group 'General'
14:19:18: Added resource location '../../Media/materials/scripts' of type 'FileSystem' to resource group 'General'
14:19:18: Added resource location '../../Media/materials/textures' of type 'FileSystem' to resource group 'General'
14:19:18: Added resource location '../../Media/models' of type 'FileSystem' to resource group 'General'
14:19:18: Added resource location '../../Media/packs/cubemap.zip' of type 'Zip' to resource group 'General'
14:19:18: Added resource location '../../Media/packs/skybox.zip' of type 'Zip' to resource group 'General'
14:19:18: Parsing scripts for resource group Autodetect
14:19:18: Finished parsing scripts for resource group Autodetect
14:19:18: Parsing scripts for resource group Bootstrap
14:19:18: Parsing script OgreCore.material
14:19:18: Parsing script OgreProfiler.material
14:19:18: Parsing script Ogre.fontdef
14:19:18: Parsing script OgreDebugPanel.overlay
14:19:18: Texture: New_Ogre_Border_Center.png: Loading 1 faces(PF_A8R8G8B8,256x128x1) with  hardware generated mipmaps from Image. Internal format is PF_A8R8G8B8,256x128x1.
14:19:18: Texture: New_Ogre_Border.png: Loading 1 faces(PF_A8R8G8B8,256x256x1) with  hardware generated mipmaps from Image. Internal format is PF_A8R8G8B8,256x256x1.
14:19:18: Texture: New_Ogre_Border_Break.png: Loading 1 faces(PF_A8R8G8B8,32x32x1) with  hardware generated mipmaps from Image. Internal format is PF_A8R8G8B8,32x32x1.
14:19:18: Texture: ogretext.png: Loading 1 faces(PF_A8R8G8B8,256x128x1) with  hardware generated mipmaps from Image. Internal format is PF_A8R8G8B8,256x128x1.
14:19:18: Parsing script OgreLoadingPanel.overlay
14:19:18: Finished parsing scripts for resource group Bootstrap
14:19:18: Parsing scripts for resource group General
14:19:18: Parsing script Bomb.material
14:19:18: Parsing script BombDropperGun.material
14:19:18: Parsing script CannonGun.material
14:19:18: Parsing script Example.material
14:19:18: Compiler error: reference to a non existing object in Example.material(211)
14:19:18: Compiler error: reference to a non existing object in Example.material(697)
14:19:18: Compiler error: reference to a non existing object in Example.material(709)
14:19:18: Compiler error: reference to a non existing object in Example.material(844)
14:19:18: Compiler error: reference to a non existing object in Example.material(879)
14:19:18: Compiler error: reference to a non existing object in Example.material(987)
14:19:18: Compiler error: reference to a non existing object in Example.material(992)
14:19:18: Parsing script GameInterface.material
14:19:18: Parsing script Gem.material
14:19:18: Parsing script Ground.material
14:19:18: Parsing script Heart.material
14:19:18: Parsing script Main.material
14:19:18: Parsing script materialWithShadersTest.material
14:19:18: OGRE EXCEPTION(6:FileNotFoundException): Cannot locate resource vertexShaderTest.hlsl in resource group General or any other group. in ResourceGroupManager::openResource at ..\..\ogre\OgreMain\src\OgreResourceGroupManager.cpp (line 753)
14:19:18: High-level program VSExample encountered an error during loading and is thus not supported.
OGRE EXCEPTION(6:FileNotFoundException): Cannot locate resource vertexShaderTest.hlsl in resource group General or any other group. in ResourceGroupManager::openResource at ..\..\ogre\OgreMain\src\OgreResourceGroupManager.cpp (line 753)
14:19:18: OGRE EXCEPTION(6:FileNotFoundException): Cannot locate resource pixelShaderText.hlsl in resource group General or any other group. in ResourceGroupManager::openResource at ..\..\ogre\OgreMain\src\OgreResourceGroupManager.cpp (line 753)
14:19:18: High-level program FSExample encountered an error during loading and is thus not supported.
OGRE EXCEPTION(6:FileNotFoundException): Cannot locate resource pixelShaderText.hlsl in resource group General or any other group. in ResourceGroupManager::openResource at ..\..\ogre\OgreMain\src\OgreResourceGroupManager.cpp (line 753)
14:19:18: Parsing script PowerCells.material
14:19:18: Parsing script red.material
14:19:18: Parsing script ShadersExample.material
14:19:18: Parsing script ShadersExampleW.material
14:19:18: Parsing script Sky.material
14:19:18: Parsing script Sphere.material
14:19:18: Parsing script GameInterface.overlay
14:19:18: Texture: RedGradient.png: Loading 1 faces(PF_A8R8G8B8,944x704x1) with 5 generated mipmaps from Image. Internal format is PF_A8R8G8B8,944x704x1.
14:19:19: Texture: BlueGradient.png: Loading 1 faces(PF_A8R8G8B8,944x704x1) with 5 generated mipmaps from Image. Internal format is PF_A8R8G8B8,944x704x1.
14:19:19: Finished parsing scripts for resource group General
14:19:19: Parsing scripts for resource group Internal
14:19:19: Finished parsing scripts for resource group Internal
14:19:19: Mesh: Loading Main.mesh.
14:19:19: Mesh: Loading Sphere.mesh.
14:19:19: Mesh: Loading PowerCells.mesh.
14:19:19: Texture: morning_fr.jpg: Loading 1 faces(PF_R8G8B8,512x512x1) with  hardware generated mipmaps from Image. Internal format is PF_X8R8G8B8,512x512x1.
14:19:19: Texture: morning_bk.jpg: Loading 1 faces(PF_R8G8B8,512x512x1) with  hardware generated mipmaps from Image. Internal format is PF_X8R8G8B8,512x512x1.
14:19:19: Texture: morning_lf.jpg: Loading 1 faces(PF_R8G8B8,512x512x1) with  hardware generated mipmaps from Image. Internal format is PF_X8R8G8B8,512x512x1.
14:19:19: Texture: morning_rt.jpg: Loading 1 faces(PF_R8G8B8,512x512x1) with  hardware generated mipmaps from Image. Internal format is PF_X8R8G8B8,512x512x1.
14:19:19: Texture: morning_up.jpg: Loading 1 faces(PF_R8G8B8,512x512x1) with  hardware generated mipmaps from Image. Internal format is PF_X8R8G8B8,512x512x1.
14:19:19: Texture: morning_dn.jpg: Loading 1 faces(PF_R8G8B8,512x512x1) with  hardware generated mipmaps from Image. Internal format is PF_X8R8G8B8,512x512x1.
14:19:19: Texture: water.jpg: Loading 1 faces(PF_R8G8B8,1024x1024x1) with  hardware generated mipmaps from Image. Internal format is PF_X8R8G8B8,1024x1024x1.
14:19:19: Texture: Dirt.jpg: Loading 1 faces(PF_R8G8B8,256x256x1) with  hardware generated mipmaps from Image. Internal format is PF_X8R8G8B8,256x256x1.
14:19:19: Mesh: Loading Heart.mesh.
14:19:19: Can't assign material 01-Default to SubEntity of Ogre/MO14 because this Material does not exist. Have you forgotten to define it in a .material script?
14:19:19: Mesh: Loading Gem.mesh.
14:19:19: Texture: PinkGradient.png: Loading 1 faces(PF_R8G8B8,1920x1080x1) with 5 generated mipmaps from Image. Internal format is PF_X8R8G8B8,1920x1080x1.
14:19:19: Texture: GreenGradient.png: Loading 1 faces(PF_R8G8B8,960x845x1) with 5 generated mipmaps from Image. Internal format is PF_X8R8G8B8,960x845x1.
14:19:19: *** Initializing OIS ***
14:19:19: Texture: spot_shadow_fade.png: Loading 1 faces(PF_R8G8B8,128x128x1) with  hardware generated mipmaps from Image. Internal format is PF_X8R8G8B8,128x128x1.
14:19:19: Font BlueHighwayusing texture size 512x512
14:19:19: Info: Freetype returned null for character 127 in font BlueHighway
14:19:19: Info: Freetype returned null for character 128 in font BlueHighway
14:19:19: Info: Freetype returned null for character 129 in font BlueHighway
14:19:19: Info: Freetype returned null for character 130 in font BlueHighway
14:19:19: Info: Freetype returned null for character 131 in font BlueHighway
14:19:19: Info: Freetype returned null for character 132 in font BlueHighway
14:19:19: Info: Freetype returned null for character 133 in font BlueHighway
14:19:19: Info: Freetype returned null for character 134 in font BlueHighway
14:19:19: Info: Freetype returned null for character 135 in font BlueHighway
14:19:19: Info: Freetype returned null for character 136 in font BlueHighway
14:19:19: Info: Freetype returned null for character 137 in font BlueHighway
14:19:19: Info: Freetype returned null for character 138 in font BlueHighway
14:19:19: Info: Freetype returned null for character 139 in font BlueHighway
14:19:19: Info: Freetype returned null for character 140 in font BlueHighway
14:19:19: Info: Freetype returned null for character 141 in font BlueHighway
14:19:19: Info: Freetype returned null for character 142 in font BlueHighway
14:19:19: Info: Freetype returned null for character 143 in font BlueHighway
14:19:19: Info: Freetype returned null for character 144 in font BlueHighway
14:19:19: Info: Freetype returned null for character 145 in font BlueHighway
14:19:19: Info: Freetype returned null for character 146 in font BlueHighway
14:19:19: Info: Freetype returned null for character 147 in font BlueHighway
14:19:19: Info: Freetype returned null for character 148 in font BlueHighway
14:19:19: Info: Freetype returned null for character 149 in font BlueHighway
14:19:19: Info: Freetype returned null for character 150 in font BlueHighway
14:19:19: Info: Freetype returned null for character 151 in font BlueHighway
14:19:19: Info: Freetype returned null for character 152 in font BlueHighway
14:19:19: Info: Freetype returned null for character 153 in font BlueHighway
14:19:19: Info: Freetype returned null for character 154 in font BlueHighway
14:19:19: Info: Freetype returned null for character 155 in font BlueHighway
14:19:19: Info: Freetype returned null for character 156 in font BlueHighway
14:19:19: Info: Freetype returned null for character 157 in font BlueHighway
14:19:19: Info: Freetype returned null for character 158 in font BlueHighway
14:19:19: Info: Freetype returned null for character 159 in font BlueHighway
14:19:19: Info: Freetype returned null for character 160 in font BlueHighway
14:19:19: Texture: BlueHighwayTexture: Loading 1 faces(PF_BYTE_LA,512x512x1) with 0 generated mipmaps from Image. Internal format is PF_BYTE_LA,512x512x1.
14:19:31: Mesh: Loading heart.mesh.
14:19:31: Can't assign material 01-Default to SubEntity of Ogre/MO25 because this Material does not exist. Have you forgotten to define it in a .material script?
14:19:31: Can't assign material 01-Default to SubEntity of Ogre/MO26 because this Material does not exist. Have you forgotten to define it in a .material script?
14:19:31: Can't assign material 01-Default to SubEntity of Ogre/MO27 because this Material does not exist. Have you forgotten to define it in a .material script?
14:19:31: Can't assign material 01-Default to SubEntity of Ogre/MO28 because this Material does not exist. Have you forgotten to define it in a .material script?
14:19:31: Can't assign material 01-Default to SubEntity of Ogre/MO29 because this Material does not exist. Have you forgotten to define it in a .material script?
14:19:31: Can't assign material 01-Default to SubEntity of Ogre/MO30 because this Material does not exist. Have you forgotten to define it in a .material script?
14:19:31: Mesh: Loading BombDropperGun.mesh.
14:19:31: Mesh: Loading CannonGun.mesh.
14:19:31: Mesh: Loading robot.mesh.
14:19:31: Skeleton: Loading robot.skeleton
14:19:31: WARNING: robot.mesh is an older format ([MeshSerializer_v1.40]); you should upgrade it as soon as possible using the OgreMeshUpgrade tool.
14:19:31: Texture: r2skin.jpg: Loading 1 faces(PF_R8G8B8,512x512x1) with  hardware generated mipmaps from Image. Internal format is PF_X8R8G8B8,512x512x1.
14:19:48: Mesh: Loading Bomb.mesh.
14:19:56: DefaultWorkQueue('Root') shutting down on thread main.
14:19:56: *-*-* OGRE Shutdown
14:19:56: Unregistering ResourceManager for type Compositor
14:19:56: Unregistering ResourceManager for type Font
14:19:56: Unregistering ResourceManager for type Skeleton
14:19:56: Unregistering ResourceManager for type Mesh
14:19:56: Unregistering ResourceManager for type HighLevelGpuProgram
14:19:56: Uninstalling plugin: Octree & Terrain Scene Manager
14:19:56: Plugin successfully uninstalled
14:19:56: Unloading library .\Plugin_OctreeSceneManager
14:19:56: Uninstalling plugin: GL RenderSystem
14:19:56: *** Stopping Win32GL Subsystem ***
14:19:56: Plugin successfully uninstalled
14:19:56: Unloading library .\RenderSystem_GL
14:19:56: Uninstalling plugin: D3D9 RenderSystem
14:19:56: D3D9 : Shutting down cleanly.
14:19:56: Unregistering ResourceManager for type Texture
14:19:56: Unregistering ResourceManager for type GpuProgram
14:19:56: D3D9 : Direct3D9 Rendering Subsystem destroyed.
14:19:56: Plugin successfully uninstalled
14:19:56: Unloading library .\RenderSystem_Direct3D9
14:19:56: Unregistering ResourceManager for type Material
